#
# A fatal error has been detected by the Java Runtime Environment:
#
#  EXCEPTION_ACCESS_VIOLATION (0xc0000005) at pc=0x0000000063f99e3a, pid=6468, tid=17032
#
# JRE version: Java(TM) SE Runtime Environment (8.0_20-b26) (build 1.8.0_20-b26)
# Java VM: Java HotSpot(TM) 64-Bit Server VM (25.20-b23 mixed mode windows-amd64 compressed oops)
# Problematic frame:
# V  [jvm.dll+0x129e3a]
#
# Failed to write core dump. Minidumps are not enabled by default on client versions of Windows
#
# If you would like to submit a bug report, please visit:
#   http://bugreport.sun.com/bugreport/crash.jsp
#

---------------  T H R E A D  ---------------

Current thread (0x000000001e90c000):  JavaThread "JDWP Transport Listener: dt_socket" daemon [_thread_in_vm, id=17032, stack(0x000000001fe00000,0x000000001ff00000)]

siginfo: ExceptionCode=0xc0000005, reading address 0x0000000000000000

Registers:
RAX=0x0000000000000003, RBX=0x0000000000000000, RCX=0x0000000000000000, RDX=0x0000000000000000
RSP=0x000000001fefef30, RBP=0x000000001feff029, RSI=0x000000001cf83950, RDI=0x0000000025b707f0
R8 =0x0000000000000016, R9 =0x0000000063e70000, R10=0x0000000025b707f0, R11=0x0000000063e70000
R12=0x0000000000000016, R13=0x0000000000000016, R14=0x000000001cf83850, R15=0x0000000000000003
RIP=0x0000000063f99e3a, EFLAGS=0x0000000000010206

Top of Stack: (sp=0x000000001fefef30)
0x000000001fefef30:   00000000035c6a20 000000001cf83900
0x000000001fefef40:   0000000000000000 0000000000000020
0x000000001fefef50:   0000000025b707f0 0000000063f558a8
0x000000001fefef60:   0000000000000000 000000001cf83948
0x000000001fefef70:   000000001cf838e0 0000000000000000
0x000000001fefef80:   0000000000000008 0000000063f56b61
0x000000001fefef90:   0000000022952d43 0000000000000800
0x000000001fefefa0:   0000000000000000 0000000063f4c14b
0x000000001fefefb0:   0000000000000000 000000000000001f
0x000000001fefefc0:   0000000000000012 0000000063edb19d
0x000000001fefefd0:   0000000000000020 00000000348c2857
0x000000001fefefe0:   0000000000000057 0000000025b707f0
0x000000001fefeff0:   000000000000024b 0000000000000013
0x000000001feff000:   0000000000000013 000000000000000c
0x000000001feff010:   0000000000000016 000000000000000b
0x000000001feff020:   0000000000000000 0000000064738d17 

Instructions: (pc=0x0000000063f99e3a)
0x0000000063f99e1a:   ff ca 88 41 ff 75 ef 43 c6 04 10 00 49 8b c2 c3
0x0000000063f99e2a:   cc cc cc cc cc cc 48 89 5c 24 08 57 48 83 ec 20
0x0000000063f99e3a:   0f b7 39 48 8b d9 33 d2 ff c7 48 63 cf e8 e4 22
0x0000000063f99e4a:   fb ff 4c 8b d8 85 ff 7e 45 44 0f b7 03 8d 57 ff 


Register to memory mapping:

RAX=0x0000000000000003 is an unknown value
RBX=0x0000000000000000 is an unknown value
RCX=0x0000000000000000 is an unknown value
RDX=0x0000000000000000 is an unknown value
RSP=0x000000001fefef30 is pointing into the stack for thread: 0x000000001e90c000
RBP=0x000000001feff029 is pointing into the stack for thread: 0x000000001e90c000
RSI=0x000000001cf83950 is pointing into metadata
RDI=0x0000000025b707f0 is an unknown value
R8 =0x0000000000000016 is an unknown value
R9 =0x0000000063e70000 is an unknown value
R10=0x0000000025b707f0 is an unknown value
R11=0x0000000063e70000 is an unknown value
R12=0x0000000000000016 is an unknown value
R13=0x0000000000000016 is an unknown value
R14=0x000000001cf83850 is pointing into metadata
R15=0x0000000000000003 is an unknown value


Stack: [0x000000001fe00000,0x000000001ff00000],  sp=0x000000001fefef30,  free space=1019k
Native frames: (J=compiled Java code, j=interpreted, Vv=VM code, C=native code)
V  [jvm.dll+0x129e3a]
V  [jvm.dll+0xe58a8]
V  [jvm.dll+0xe6b61]
V  [jvm.dll+0x18c662]
V  [jvm.dll+0x197d1d]
V  [jvm.dll+0x32b7c4]
C  [jdwp.dll+0x58b2]
C  [jdwp.dll+0xf09c]
C  [jdwp.dll+0x1f2c9]
C  [jdwp.dll+0x1f49e]
V  [jvm.dll+0x1aaa18]
V  [jvm.dll+0x22aac4]
V  [jvm.dll+0x283f5a]
C  [msvcr100.dll+0x21d9f]
C  [msvcr100.dll+0x21e3b]
C  [KERNEL32.DLL+0x17344]
C  [ntdll.dll+0x526b1]


---------------  P R O C E S S  ---------------

Java Threads: ( => current thread )
  0x0000000022970800 JavaThread "HikariPool-1 housekeeper" daemon [_thread_blocked, id=18080, stack(0x0000000025980000,0x0000000025a80000)]
  0x0000000022974000 JavaThread "DestroyJavaVM" [_thread_blocked, id=9880, stack(0x0000000003470000,0x0000000003570000)]
  0x0000000022972800 JavaThread "http-nio-8080-Acceptor" daemon [_thread_in_native, id=11212, stack(0x0000000025080000,0x0000000025180000)]
  0x0000000022973800 JavaThread "http-nio-8080-Poller" daemon [_thread_in_native, id=6692, stack(0x0000000024f80000,0x0000000025080000)]
  0x0000000022975000 JavaThread "http-nio-8080-exec-10" daemon [_thread_blocked, id=12116, stack(0x0000000024e80000,0x0000000024f80000)]
  0x0000000022943800 JavaThread "http-nio-8080-exec-9" daemon [_thread_blocked, id=8664, stack(0x0000000024d80000,0x0000000024e80000)]
  0x0000000022943000 JavaThread "http-nio-8080-exec-8" daemon [_thread_blocked, id=16876, stack(0x0000000024c80000,0x0000000024d80000)]
  0x000000002294a000 JavaThread "http-nio-8080-exec-7" daemon [_thread_blocked, id=13504, stack(0x0000000024b80000,0x0000000024c80000)]
  0x0000000022945000 JavaThread "http-nio-8080-exec-6" daemon [_thread_blocked, id=13368, stack(0x0000000024a80000,0x0000000024b80000)]
  0x0000000022944800 JavaThread "http-nio-8080-exec-5" daemon [_thread_blocked, id=8576, stack(0x0000000024980000,0x0000000024a80000)]
  0x0000000022949000 JavaThread "http-nio-8080-exec-4" daemon [_thread_blocked, id=12092, stack(0x0000000024880000,0x0000000024980000)]
  0x0000000022948000 JavaThread "http-nio-8080-exec-3" daemon [_thread_blocked, id=956, stack(0x0000000024780000,0x0000000024880000)]
  0x0000000022947800 JavaThread "http-nio-8080-exec-2" daemon [_thread_blocked, id=8340, stack(0x0000000024680000,0x0000000024780000)]
  0x0000000022946800 JavaThread "http-nio-8080-exec-1" daemon [_thread_blocked, id=1604, stack(0x0000000024580000,0x0000000024680000)]
  0x0000000022946000 JavaThread "Live Reload Server" daemon [_thread_in_native, id=7948, stack(0x0000000024480000,0x0000000024580000)]
  0x0000000022922800 JavaThread "File Watcher" daemon [_thread_blocked, id=12068, stack(0x0000000024380000,0x0000000024480000)]
  0x0000000022693000 JavaThread "mysql-cj-abandoned-connection-cleanup" daemon [_thread_blocked, id=10528, stack(0x0000000023c80000,0x0000000023d80000)]
  0x00000000225fa800 JavaThread "container-0" [_thread_blocked, id=13828, stack(0x0000000023980000,0x0000000023a80000)]
  0x0000000022610000 JavaThread "Catalina-utility-2" [_thread_blocked, id=6080, stack(0x0000000023880000,0x0000000023980000)]
  0x000000002260d800 JavaThread "Catalina-utility-1" [_thread_blocked, id=1580, stack(0x00000000219b0000,0x0000000021ab0000)]
  0x0000000020c00800 JavaThread "RMI Scheduler(0)" daemon [_thread_blocked, id=3548, stack(0x00000000218b0000,0x00000000219b0000)]
  0x000000002079c800 JavaThread "RMI TCP Accept-0" daemon [_thread_in_native, id=6736, stack(0x0000000020e00000,0x0000000020f00000)]
  0x000000001e9cd800 JavaThread "Service Thread" daemon [_thread_blocked, id=13208, stack(0x0000000020500000,0x0000000020600000)]
  0x000000001e94f000 JavaThread "C1 CompilerThread3" daemon [_thread_blocked, id=6084, stack(0x0000000020400000,0x0000000020500000)]
  0x000000001e94c800 JavaThread "C2 CompilerThread2" daemon [_thread_blocked, id=18264, stack(0x0000000020300000,0x0000000020400000)]
  0x000000001e941800 JavaThread "C2 CompilerThread1" daemon [_thread_blocked, id=1864, stack(0x0000000020200000,0x0000000020300000)]
  0x000000001e937800 JavaThread "C2 CompilerThread0" daemon [_thread_blocked, id=10168, stack(0x0000000020100000,0x0000000020200000)]
  0x000000001e91d000 JavaThread "JDWP Command Reader" daemon [_thread_in_native, id=17584, stack(0x0000000020000000,0x0000000020100000)]
  0x000000001e917000 JavaThread "JDWP Event Helper Thread" daemon [_thread_blocked, id=5200, stack(0x000000001ff00000,0x0000000020000000)]
=>0x000000001e90c000 JavaThread "JDWP Transport Listener: dt_socket" daemon [_thread_in_vm, id=17032, stack(0x000000001fe00000,0x000000001ff00000)]
  0x000000001e8ff000 JavaThread "Attach Listener" daemon [_thread_blocked, id=16504, stack(0x000000001fd00000,0x000000001fe00000)]
  0x000000001e8fe800 JavaThread "Signal Dispatcher" daemon [_thread_blocked, id=14488, stack(0x000000001fc00000,0x000000001fd00000)]
  0x000000000366c000 JavaThread "Finalizer" daemon [_thread_blocked, id=14880, stack(0x000000001fb00000,0x000000001fc00000)]
  0x000000000366a000 JavaThread "Reference Handler" daemon [_thread_blocked, id=10424, stack(0x000000001fa00000,0x000000001fb00000)]

Other Threads:
  0x000000001d1a4800 VMThread [stack: 0x000000001f900000,0x000000001fa00000] [id=16196]
  0x00000000207b4800 WatcherThread [stack: 0x0000000020f00000,0x0000000021000000] [id=10216]

VM state:not at safepoint (normal execution)

VM Mutex/Monitor currently owned by a thread: None

Heap:
 PSYoungGen      total 186880K, used 166189K [0x000000076c900000, 0x000000077a200000, 0x00000007c0000000)
  eden space 172544K, 96% used [0x000000076c900000,0x0000000776b4b6d8,0x0000000777180000)
  from space 14336K, 0% used [0x0000000777e80000,0x0000000777e80000,0x0000000778c80000)
  to   space 13312K, 0% used [0x0000000777180000,0x0000000777180000,0x0000000777e80000)
 ParOldGen       total 150528K, used 12896K [0x00000006c5a00000, 0x00000006ced00000, 0x000000076c900000)
  object space 150528K, 8% used [0x00000006c5a00000,0x00000006c6698310,0x00000006ced00000)
 Metaspace       used 44300K, capacity 47014K, committed 47024K, reserved 1089536K
  class space    used 5810K, capacity 6318K, committed 6320K, reserved 1048576K

Card table byte_map: [0x0000000012b90000,0x0000000013370000] byte_map_base: 0x000000000f563000

Marking Bits: (ParMarkBitMap*) 0x000000006464b460
 Begin Bits: [0x00000000142b0000, 0x0000000018148000)
 End Bits:   [0x0000000018148000, 0x000000001bfe0000)

Polling page: 0x0000000003370000

CodeCache: size=245760Kb used=8606Kb max_used=8611Kb free=237153Kb
 bounds [0x00000000037d0000, 0x0000000004040000, 0x00000000127d0000]
 total_blobs=4829 nmethods=4318 adapters=432
 compilation: enabled

Compilation events (10 events):
Event: 1071.568 Thread 0x000000001e94f000 4416       1       java.lang.invoke.LambdaForm::toString (209 bytes)
Event: 1071.569 Thread 0x000000001e94f000 nmethod 4416 0x0000000004039590 code [0x00000000040397e0, 0x000000000403a028]
Event: 1071.774 Thread 0x000000001e94f000 4417       1       java.lang.Integer::toString (48 bytes)
Event: 1071.774 Thread 0x000000001e94f000 nmethod 4417 0x000000000403a790 code [0x000000000403a900, 0x000000000403abe8]
Event: 1087.558 Thread 0x000000001e94f000 4418       1       java.lang.invoke.MemberName::toString (160 bytes)
Event: 1087.559 Thread 0x000000001e94f000 nmethod 4418 0x000000000403ae50 code [0x000000000403b0e0, 0x000000000403bc18]
Event: 1087.560 Thread 0x000000001e94f000 4419       1       java.lang.invoke.MemberName::isType (7 bytes)
Event: 1087.560 Thread 0x000000001e94f000 nmethod 4419 0x0000000003b65f90 code [0x0000000003b660e0, 0x0000000003b66210]
Event: 1115.267 Thread 0x000000001e94f000 4420       1       org.apache.catalina.loader.WebappLoader::getClassLoader (5 bytes)
Event: 1115.267 Thread 0x000000001e94f000 nmethod 4420 0x000000000391f7d0 code [0x000000000391f920, 0x000000000391fa30]

GC Heap History (10 events):
Event: 2.227 GC heap before
{Heap before GC invocations=4 (full 1):
 PSYoungGen      total 75264K, used 6510K [0x000000076c900000, 0x0000000775c00000, 0x00000007c0000000)
  eden space 64512K, 0% used [0x000000076c900000,0x000000076c900000,0x0000000770800000)
  from space 10752K, 60% used [0x0000000770800000,0x0000000770e5b820,0x0000000771280000)
  to   space 10752K, 0% used [0x0000000775180000,0x0000000775180000,0x0000000775c00000)
 ParOldGen       total 172032K, used 384K [0x00000006c5a00000, 0x00000006d0200000, 0x000000076c900000)
  object space 172032K, 0% used [0x00000006c5a00000,0x00000006c5a60230,0x00000006d0200000)
 Metaspace       used 20328K, capacity 21200K, committed 21296K, reserved 1067008K
  class space    used 2642K, capacity 2829K, committed 2864K, reserved 1048576K
Event: 2.251 GC heap after
Heap after GC invocations=4 (full 1):
 PSYoungGen      total 75264K, used 0K [0x000000076c900000, 0x0000000775c00000, 0x00000007c0000000)
  eden space 64512K, 0% used [0x000000076c900000,0x000000076c900000,0x0000000770800000)
  from space 10752K, 0% used [0x0000000770800000,0x0000000770800000,0x0000000771280000)
  to   space 10752K, 0% used [0x0000000775180000,0x0000000775180000,0x0000000775c00000)
 ParOldGen       total 92672K, used 6253K [0x00000006c5a00000, 0x00000006cb480000, 0x000000076c900000)
  object space 92672K, 6% used [0x00000006c5a00000,0x00000006c601b400,0x00000006cb480000)
 Metaspace       used 20326K, capacity 21198K, committed 21296K, reserved 1067008K
  class space    used 2641K, capacity 2828K, committed 2864K, reserved 1048576K
}
Event: 2.600 GC heap before
{Heap before GC invocations=5 (full 1):
 PSYoungGen      total 75264K, used 64512K [0x000000076c900000, 0x0000000775c00000, 0x00000007c0000000)
  eden space 64512K, 100% used [0x000000076c900000,0x0000000770800000,0x0000000770800000)
  from space 10752K, 0% used [0x0000000770800000,0x0000000770800000,0x0000000771280000)
  to   space 10752K, 0% used [0x0000000775180000,0x0000000775180000,0x0000000775c00000)
 ParOldGen       total 92672K, used 6253K [0x00000006c5a00000, 0x00000006cb480000, 0x000000076c900000)
  object space 92672K, 6% used [0x00000006c5a00000,0x00000006c601b400,0x00000006cb480000)
 Metaspace       used 23030K, capacity 24194K, committed 24368K, reserved 1071104K
  class space    used 3076K, capacity 3295K, committed 3376K, reserved 1048576K
Event: 2.603 GC heap after
Heap after GC invocations=5 (full 1):
 PSYoungGen      total 113152K, used 6344K [0x000000076c900000, 0x0000000775800000, 0x00000007c0000000)
  eden space 106496K, 0% used [0x000000076c900000,0x000000076c900000,0x0000000773100000)
  from space 6656K, 95% used [0x0000000775180000,0x00000007757b21e8,0x0000000775800000)
  to   space 10752K, 0% used [0x0000000774300000,0x0000000774300000,0x0000000774d80000)
 ParOldGen       total 92672K, used 6261K [0x00000006c5a00000, 0x00000006cb480000, 0x000000076c900000)
  object space 92672K, 6% used [0x00000006c5a00000,0x00000006c601d400,0x00000006cb480000)
 Metaspace       used 23030K, capacity 24194K, committed 24368K, reserved 1071104K
  class space    used 3076K, capacity 3295K, committed 3376K, reserved 1048576K
}
Event: 3.356 GC heap before
{Heap before GC invocations=6 (full 1):
 PSYoungGen      total 113152K, used 112840K [0x000000076c900000, 0x0000000775800000, 0x00000007c0000000)
  eden space 106496K, 100% used [0x000000076c900000,0x0000000773100000,0x0000000773100000)
  from space 6656K, 95% used [0x0000000775180000,0x00000007757b21e8,0x0000000775800000)
  to   space 10752K, 0% used [0x0000000774300000,0x0000000774300000,0x0000000774d80000)
 ParOldGen       total 92672K, used 6261K [0x00000006c5a00000, 0x00000006cb480000, 0x000000076c900000)
  object space 92672K, 6% used [0x00000006c5a00000,0x00000006c601d400,0x00000006cb480000)
 Metaspace       used 32369K, capacity 34368K, committed 34480K, reserved 1079296K
  class space    used 4352K, capacity 4736K, committed 4784K, reserved 1048576K
Event: 3.363 GC heap after
Heap after GC invocations=6 (full 1):
 PSYoungGen      total 135680K, used 10722K [0x000000076c900000, 0x0000000778c80000, 0x00000007c0000000)
  eden space 124928K, 0% used [0x000000076c900000,0x000000076c900000,0x0000000774300000)
  from space 10752K, 99% used [0x0000000774300000,0x0000000774d78ba8,0x0000000774d80000)
  to   space 14336K, 0% used [0x0000000777e80000,0x0000000777e80000,0x0000000778c80000)
 ParOldGen       total 92672K, used 7781K [0x00000006c5a00000, 0x00000006cb480000, 0x000000076c900000)
  object space 92672K, 8% used [0x00000006c5a00000,0x00000006c6199760,0x00000006cb480000)
 Metaspace       used 32369K, capacity 34368K, committed 34480K, reserved 1079296K
  class space    used 4352K, capacity 4736K, committed 4784K, reserved 1048576K
}
Event: 4.224 GC heap before
{Heap before GC invocations=7 (full 1):
 PSYoungGen      total 135680K, used 34327K [0x000000076c900000, 0x0000000778c80000, 0x00000007c0000000)
  eden space 124928K, 18% used [0x000000076c900000,0x000000076e00d080,0x0000000774300000)
  from space 10752K, 99% used [0x0000000774300000,0x0000000774d78ba8,0x0000000774d80000)
  to   space 14336K, 0% used [0x0000000777e80000,0x0000000777e80000,0x0000000778c80000)
 ParOldGen       total 92672K, used 7781K [0x00000006c5a00000, 0x00000006cb480000, 0x000000076c900000)
  object space 92672K, 8% used [0x00000006c5a00000,0x00000006c6199760,0x00000006cb480000)
 Metaspace       used 33429K, capacity 35446K, committed 35496K, reserved 1079296K
  class space    used 4499K, capacity 4911K, committed 4912K, reserved 1048576K
Event: 4.228 GC heap after
Heap after GC invocations=7 (full 1):
 PSYoungGen      total 186880K, used 8330K [0x000000076c900000, 0x000000077a200000, 0x00000007c0000000)
  eden space 172544K, 0% used [0x000000076c900000,0x000000076c900000,0x0000000777180000)
  from space 14336K, 58% used [0x0000000777e80000,0x00000007786a29f8,0x0000000778c80000)
  to   space 13312K, 0% used [0x0000000777180000,0x0000000777180000,0x0000000777e80000)
 ParOldGen       total 92672K, used 7789K [0x00000006c5a00000, 0x00000006cb480000, 0x000000076c900000)
  object space 92672K, 8% used [0x00000006c5a00000,0x00000006c619b760,0x00000006cb480000)
 Metaspace       used 33429K, capacity 35446K, committed 35496K, reserved 1079296K
  class space    used 4499K, capacity 4911K, committed 4912K, reserved 1048576K
}
Event: 4.228 GC heap before
{Heap before GC invocations=8 (full 2):
 PSYoungGen      total 186880K, used 8330K [0x000000076c900000, 0x000000077a200000, 0x00000007c0000000)
  eden space 172544K, 0% used [0x000000076c900000,0x000000076c900000,0x0000000777180000)
  from space 14336K, 58% used [0x0000000777e80000,0x00000007786a29f8,0x0000000778c80000)
  to   space 13312K, 0% used [0x0000000777180000,0x0000000777180000,0x0000000777e80000)
 ParOldGen       total 92672K, used 7789K [0x00000006c5a00000, 0x00000006cb480000, 0x000000076c900000)
  object space 92672K, 8% used [0x00000006c5a00000,0x00000006c619b760,0x00000006cb480000)
 Metaspace       used 33429K, capacity 35446K, committed 35496K, reserved 1079296K
  class space    used 4499K, capacity 4911K, committed 4912K, reserved 1048576K
Event: 4.286 GC heap after
Heap after GC invocations=8 (full 2):
 PSYoungGen      total 186880K, used 0K [0x000000076c900000, 0x000000077a200000, 0x00000007c0000000)
  eden space 172544K, 0% used [0x000000076c900000,0x000000076c900000,0x0000000777180000)
  from space 14336K, 0% used [0x0000000777e80000,0x0000000777e80000,0x0000000778c80000)
  to   space 13312K, 0% used [0x0000000777180000,0x0000000777180000,0x0000000777e80000)
 ParOldGen       total 150528K, used 12896K [0x00000006c5a00000, 0x00000006ced00000, 0x000000076c900000)
  object space 150528K, 8% used [0x00000006c5a00000,0x00000006c6698310,0x00000006ced00000)
 Metaspace       used 33424K, capacity 35438K, committed 35496K, reserved 1079296K
  class space    used 4498K, capacity 4909K, committed 4912K, reserved 1048576K
}

Deoptimization events (0 events):
No events

Internal exceptions (10 events):
Event: 852.299 Thread 0x0000000022975000 Implicit null exception at 0x0000000003c8ef96 to 0x0000000003c8efc8
Event: 852.299 Thread 0x0000000022975000 Exception <a 'java/lang/NullPointerException'> (0x0000000776725f90) thrown at [D:\re\workspace\8-2-build-windows-amd64-cygwin\jdk8u20\1074\hotspot\src\share\vm\runtime\sharedRuntime.cpp, line 604]
Event: 856.239 Thread 0x0000000022975000 Implicit null exception at 0x0000000003c8ef96 to 0x0000000003c8efc8
Event: 856.240 Thread 0x0000000022975000 Exception <a 'java/lang/NullPointerException'> (0x00000007767264a8) thrown at [D:\re\workspace\8-2-build-windows-amd64-cygwin\jdk8u20\1074\hotspot\src\share\vm\runtime\sharedRuntime.cpp, line 604]
Event: 857.135 Thread 0x0000000022975000 Implicit null exception at 0x0000000003c8ef96 to 0x0000000003c8efc8
Event: 857.135 Thread 0x0000000022975000 Exception <a 'java/lang/NullPointerException'> (0x0000000776726978) thrown at [D:\re\workspace\8-2-build-windows-amd64-cygwin\jdk8u20\1074\hotspot\src\share\vm\runtime\sharedRuntime.cpp, line 604]
Event: 858.970 Thread 0x0000000022975000 Implicit null exception at 0x0000000003c8ef96 to 0x0000000003c8efc8
Event: 858.970 Thread 0x0000000022975000 Exception <a 'java/lang/NullPointerException'> (0x0000000776726e90) thrown at [D:\re\workspace\8-2-build-windows-amd64-cygwin\jdk8u20\1074\hotspot\src\share\vm\runtime\sharedRuntime.cpp, line 604]
Event: 859.347 Thread 0x0000000022975000 Implicit null exception at 0x0000000003c8ef96 to 0x0000000003c8efc8
Event: 859.347 Thread 0x0000000022975000 Exception <a 'java/lang/NullPointerException'> (0x0000000776727360) thrown at [D:\re\workspace\8-2-build-windows-amd64-cygwin\jdk8u20\1074\hotspot\src\share\vm\runtime\sharedRuntime.cpp, line 604]

Events (10 events):
Event: 1123.414 Executing VM operation: ChangeSingleStep
Event: 1123.414 Executing VM operation: ChangeSingleStep done
Event: 1123.414 Executing VM operation: ChangeSingleStep
Event: 1123.415 Executing VM operation: ChangeSingleStep done
Event: 1123.415 Executing VM operation: ForceSafepoint
Event: 1123.415 Executing VM operation: ForceSafepoint done
Event: 1123.423 Executing VM operation: GetOrSetLocal
Event: 1123.423 Executing VM operation: GetOrSetLocal done
Event: 1123.423 Executing VM operation: GetOrSetLocal
Event: 1123.423 Executing VM operation: GetOrSetLocal done


Dynamic libraries:
0x00007ff63dd80000 - 0x00007ff63ddb4000 	C:\Program Files\Java\jdk1.8.0_20\bin\java.exe
0x00007ff8f6210000 - 0x00007ff8f6408000 	C:\windows\SYSTEM32\ntdll.dll
0x00007ff8f59a0000 - 0x00007ff8f5a5d000 	C:\windows\System32\KERNEL32.DLL
0x00007ff8f3b10000 - 0x00007ff8f3e06000 	C:\windows\System32\KERNELBASE.dll
0x00007ff8f5590000 - 0x00007ff8f563e000 	C:\windows\System32\ADVAPI32.dll
0x00007ff8f5410000 - 0x00007ff8f54ae000 	C:\windows\System32\msvcrt.dll
0x00007ff8f5f90000 - 0x00007ff8f602c000 	C:\windows\System32\sechost.dll
0x00007ff8f52e0000 - 0x00007ff8f5406000 	C:\windows\System32\RPCRT4.dll
0x00007ff8f5770000 - 0x00007ff8f590e000 	C:\windows\System32\USER32.dll
0x00007ff8f41a0000 - 0x00007ff8f41c2000 	C:\windows\System32\win32u.dll
0x00007ff8f4b60000 - 0x00007ff8f4b8c000 	C:\windows\System32\GDI32.dll
0x00007ff8f3f30000 - 0x00007ff8f404a000 	C:\windows\System32\gdi32full.dll
0x00007ff8f41d0000 - 0x00007ff8f426d000 	C:\windows\System32\msvcp_win.dll
0x00007ff8f40a0000 - 0x00007ff8f41a0000 	C:\windows\System32\ucrtbase.dll
0x00007ff8d2a90000 - 0x00007ff8d2d2a000 	C:\windows\WinSxS\amd64_microsoft.windows.common-controls_6595b64144ccf1df_6.0.19041.1110_none_60b5254171f9507e\COMCTL32.dll
0x00007ff8f49f0000 - 0x00007ff8f4a20000 	C:\windows\System32\IMM32.DLL
0x00000000646d0000 - 0x00000000647a2000 	C:\Program Files\Java\jdk1.8.0_20\jre\bin\msvcr100.dll
0x0000000063e70000 - 0x00000000646c8000 	C:\Program Files\Java\jdk1.8.0_20\jre\bin\server\jvm.dll
0x00007ff8f6160000 - 0x00007ff8f6168000 	C:\windows\System32\PSAPI.DLL
0x00007ff8d38e0000 - 0x00007ff8d3907000 	C:\windows\SYSTEM32\WINMM.dll
0x00007ff8e8d40000 - 0x00007ff8e8d49000 	C:\windows\SYSTEM32\WSOCK32.dll
0x00007ff8f5a60000 - 0x00007ff8f5acb000 	C:\windows\System32\WS2_32.dll
0x0000000063e60000 - 0x0000000063e6f000 	C:\Program Files\Java\jdk1.8.0_20\jre\bin\verify.dll
0x0000000063e30000 - 0x0000000063e58000 	C:\Program Files\Java\jdk1.8.0_20\jre\bin\java.dll
0x0000000063d90000 - 0x0000000063dc5000 	C:\Program Files\Java\jdk1.8.0_20\jre\bin\jdwp.dll
0x0000000063d80000 - 0x0000000063d88000 	C:\Program Files\Java\jdk1.8.0_20\jre\bin\npt.dll
0x0000000063d50000 - 0x0000000063d73000 	C:\Program Files\Java\jdk1.8.0_20\jre\bin\instrument.dll
0x0000000063e10000 - 0x0000000063e26000 	C:\Program Files\Java\jdk1.8.0_20\jre\bin\zip.dll
0x00007ff8f4b90000 - 0x00007ff8f52d5000 	C:\windows\System32\SHELL32.dll
0x00007ff8edaf0000 - 0x00007ff8ee28b000 	C:\windows\SYSTEM32\windows.storage.dll
0x00007ff8f5c30000 - 0x00007ff8f5f84000 	C:\windows\System32\combase.dll
0x00007ff8f32c0000 - 0x00007ff8f32ee000 	C:\windows\SYSTEM32\Wldp.dll
0x00007ff8f5b80000 - 0x00007ff8f5c2d000 	C:\windows\System32\SHCORE.dll
0x00007ff8f6030000 - 0x00007ff8f6085000 	C:\windows\System32\shlwapi.dll
0x00007ff8f37b0000 - 0x00007ff8f37d5000 	C:\windows\SYSTEM32\profapi.dll
0x0000000063d40000 - 0x0000000063d49000 	C:\Program Files\Java\jdk1.8.0_20\jre\bin\dt_socket.dll
0x00007ff8f3020000 - 0x00007ff8f308a000 	C:\windows\system32\mswsock.dll
0x0000000063df0000 - 0x0000000063e0a000 	C:\Program Files\Java\jdk1.8.0_20\jre\bin\net.dll
0x00007ff8f2d10000 - 0x00007ff8f2dda000 	C:\windows\SYSTEM32\DNSAPI.dll
0x00007ff8f2cc0000 - 0x00007ff8f2cfb000 	C:\windows\SYSTEM32\IPHLPAPI.DLL
0x00007ff8f4b50000 - 0x00007ff8f4b58000 	C:\windows\System32\NSI.dll
0x00007ff8e92c0000 - 0x00007ff8e92ca000 	C:\Windows\System32\rasadhlp.dll
0x00007ff8cf2f0000 - 0x00007ff8cf372000 	C:\windows\System32\fwpuclnt.dll
0x00007ff8f3980000 - 0x00007ff8f39a7000 	C:\windows\System32\bcrypt.dll
0x0000000063d30000 - 0x0000000063d3d000 	C:\Program Files\Java\jdk1.8.0_20\jre\bin\management.dll
0x0000000063dd0000 - 0x0000000063de1000 	C:\Program Files\Java\jdk1.8.0_20\jre\bin\nio.dll
0x00007ff8f3210000 - 0x00007ff8f3228000 	C:\windows\SYSTEM32\CRYPTSP.dll
0x00007ff8f28c0000 - 0x00007ff8f28f4000 	C:\windows\system32\rsaenh.dll
0x00007ff8f3770000 - 0x00007ff8f379e000 	C:\windows\SYSTEM32\USERENV.dll
0x00007ff8f38f0000 - 0x00007ff8f3972000 	C:\windows\System32\bcryptprimitives.dll
0x00007ff8f3230000 - 0x00007ff8f323c000 	C:\windows\SYSTEM32\CRYPTBASE.dll
0x00007ff8e4e90000 - 0x00007ff8e4ea7000 	C:\windows\SYSTEM32\dhcpcsvc6.DLL
0x00007ff8e6600000 - 0x00007ff8e661d000 	C:\windows\SYSTEM32\dhcpcsvc.DLL
0x00007ff8c9b30000 - 0x00007ff8c9b47000 	C:\windows\system32\napinsp.dll
0x00007ff8c9b10000 - 0x00007ff8c9b2b000 	C:\windows\system32\pnrpnsp.dll
0x00007ff8ea9f0000 - 0x00007ff8eaa05000 	C:\windows\system32\wshbth.dll
0x00007ff8eb3e0000 - 0x00007ff8eb3fd000 	C:\windows\system32\NLAapi.dll
0x00007ff8c9af0000 - 0x00007ff8c9b02000 	C:\windows\System32\winrnr.dll
0x0000000063d00000 - 0x0000000063d24000 	C:\Program Files\Java\jdk1.8.0_20\jre\bin\sunec.dll
0x0000000063cf0000 - 0x0000000063cfb000 	C:\Program Files\Java\jdk1.8.0_20\jre\bin\sunmscapi.dll
0x00007ff8f39b0000 - 0x00007ff8f3b0e000 	C:\windows\System32\CRYPT32.dll
0x00007ff8f1c00000 - 0x00007ff8f1de4000 	C:\windows\SYSTEM32\dbghelp.dll

VM Arguments:
jvm_args: -agentlib:jdwp=transport=dt_socket,address=127.0.0.1:10890,suspend=y,server=n -XX:TieredStopAtLevel=1 -Xverify:none -Dspring.output.ansi.enabled=always -Dcom.sun.management.jmxremote -Dspring.jmx.enabled=true -Dspring.liveBeansView.mbeanDomain -Dspring.application.admin.enabled=true -javaagent:C:\Users\hp\AppData\Local\JetBrains\IntelliJIdea2022.2\captureAgent\debugger-agent.jar -Dfile.encoding=UTF-8 
java_command: com.lql.usercenter.UserCenterApplication
java_class_path (initial): C:\Program Files\Java\jdk1.8.0_20\jre\lib\charsets.jar;C:\Program Files\Java\jdk1.8.0_20\jre\lib\deploy.jar;C:\Program Files\Java\jdk1.8.0_20\jre\lib\ext\access-bridge-64.jar;C:\Program Files\Java\jdk1.8.0_20\jre\lib\ext\cldrdata.jar;C:\Program Files\Java\jdk1.8.0_20\jre\lib\ext\dnsns.jar;C:\Program Files\Java\jdk1.8.0_20\jre\lib\ext\jaccess.jar;C:\Program Files\Java\jdk1.8.0_20\jre\lib\ext\jfxrt.jar;C:\Program Files\Java\jdk1.8.0_20\jre\lib\ext\localedata.jar;C:\Program Files\Java\jdk1.8.0_20\jre\lib\ext\nashorn.jar;C:\Program Files\Java\jdk1.8.0_20\jre\lib\ext\sunec.jar;C:\Program Files\Java\jdk1.8.0_20\jre\lib\ext\sunjce_provider.jar;C:\Program Files\Java\jdk1.8.0_20\jre\lib\ext\sunmscapi.jar;C:\Program Files\Java\jdk1.8.0_20\jre\lib\ext\sunpkcs11.jar;C:\Program Files\Java\jdk1.8.0_20\jre\lib\ext\zipfs.jar;C:\Program Files\Java\jdk1.8.0_20\jre\lib\javaws.jar;C:\Program Files\Java\jdk1.8.0_20\jre\lib\jce.jar;C:\Program Files\Java\jdk1.8.0_20\jre\lib\jfr.jar;C:\Program Files\Java\jdk1.8.0_20\jre\lib\jfxswt.jar;C:\Program Files\Java\jdk1.8.0_20\jre\lib\jsse.jar;C:\Program Files\Java\jdk1.8.0_20\jre\lib\management-agent.jar;C:\Program Files\Java\jdk1.8.0_20\jre\lib\plugin.jar;C:\Program Files\Java\jdk1.8.0_20\jre\lib\resources.jar;C:\Program Files\Java\jdk1.8.0_20\jre\lib\rt.jar;E:\IDEA\user-center\target\classes;C:\Users\hp\.m2\repository\org\springframework\boot\spring-boot-starter-web\2.7.15\spring-boot-starter-web-2.7.15.jar;C:\Users\hp\.m2\repository\org\springframework\boot\spring-boot-starter\2.7.15\spring-boot-starter-2.7.15.jar;C:\Users\hp\.m2\repository\org\springframework\boot\spring-boot-starter-logging\2.7.15\spring-boot-starter-logging-2.7.15.jar;C:\Users\hp\.m2\repository\ch\qos\logback\logback-classic\1.2.12\logback-classic-1.2.12.jar;C:\Users\hp\.m2\repository\ch\qos\logback\logback-core\1.2.12\logback-core-1.2.12.jar;C:\Users\hp\.m2\repository\org\apache\logging\log4j\log4j-to-slf4j\2.17.2\log4j-to-slf4j-2.17.2.jar;C:\Us
Launcher Type: SUN_STANDARD

Environment Variables:
JAVA_HOME=C:\Program Files\Java\jdk1.8.0_20
CLASSPATH=.;C:\Program Files\Java\jdk1.8.0_20\lib;C:\Program Files\Java\jdk1.8.0_20\lib\tools.jar
PATH=C:\Program Files\Java\jdk1.8.0_20\bin;C:\Program Files\Java\jdk1.8.0_20\jre\bin;E:\VM\bin\;C:\ProgramData\Oracle\Java\javapath;C:\Program Files (x86)\Razer Chroma SDK\bin;C:\Program Files\Razer Chroma SDK\bin;C:\Program Files (x86)\Razer\ChromaBroadcast\bin;C:\Program Files\Razer\ChromaBroadcast\bin;C:\Program Files (x86)\Common Files\Intel\Shared Libraries\redist\intel64\compiler;C:\windows\system32;C:\windows;C:\windows\System32\Wbem;C:\windows\System32\WindowsPowerShell\v1.0\;C:\windows\System32\OpenSSH\;C:\Program Files (x86)\NVIDIA Corporation\PhysX\Common;"C:\Program Files\NVIDIA Corporation\NVIDIA NvDLISR;C:\Program Files\MySQL\MySQL Server 8.0\bin";C:\windows\system32\config\systemprofile\AppData\Local\Microsoft\WindowsApps;C:\Users\hp\Downloads;C:\Program Files\Git\cmd;D:\weixintool\微信web开发者工具\dll;E:\mb;E:\微信web开发者工具\dll;D:\tool\Code.exe;D:\Program Files\nodejs\;E:\tool\runtime\win64;E:\tool\bin;D:\Program Files\nodejs\node_modules;C:\Program Files\MySQL\MySQL Server 8.0\bin;C:\Program Files\MongoDB\Server\6.0\bin;E:\apache-maven-3.6.3\bin;E:\Anaconda;E:\Anaconda\Scripts;E:\Anaconda\Library\mingw-w64\bin;E:\Anaconda\Library\usr\bin;E:\Anaconda\Library\bin;D:\Git\Git\cmd;C:\Strawberry\c\bin;C:\Strawberry\perl\site\bin;C:\Strawberry\perl\bin;D:\Linux远程登录\tool-1\;D:\Linux远程登录\tool-2\;C:\Users\hp\AppData\Local\Programs\Python\Python310\Scripts\;C:\Users\hp\AppData\Local\Programs\Python\Python310\;D:\Program Files\Pycharm\PyCharm 2018.3.7\bin;;D:\Python\Python310;D:\Python\Python310\Scripts;D:\Program Files\nodejs\node_global;D:\Program Files\R-4.2.0\bin;D:\Program Files\IDEA\IntelliJ IDEA 2021.1\bin;;D:\Tencent\QQGameTempest\Hall.57821\;D:\Program Files\nodejs\node_global;C:\Program Files\MongoDB\Server\6.0\bin;;F:\software\WebStorm 2023.2.1\bin;
USERNAME=hp
OS=Windows_NT
PROCESSOR_IDENTIFIER=Intel64 Family 6 Model 141 Stepping 1, GenuineIntel



---------------  S Y S T E M  ---------------

OS: Windows 8.1 , 64 bit Build 9600 

CPU:total 12 (6 cores per cpu, 2 threads per core) family 6 model 141 stepping 1, cmov, cx8, fxsr, mmx, sse, sse2, sse3, ssse3, sse4.1, sse4.2, popcnt, avx, avx2, aes, clmul, erms, lzcnt, ht, tsc, tscinvbit, bmi1, bmi2

Memory: 4k page, physical 16406520k(3023592k free), swap 26367992k(8962080k free)

vm_info: Java HotSpot(TM) 64-Bit Server VM (25.20-b23) for windows-amd64 JRE (1.8.0_20-b26), built on Jul 30 2014 13:51:23 by "java_re" with MS VC++ 10.0 (VS2010)

time: Wed Sep 20 18:52:21 2023
elapsed time: 1123 seconds (0d 0h 18m 43s)

